C51 COMPILER V9.54   MAIN                                                                  11/17/2023 20:35:11 PAGE 1   


C51 COMPILER V9.54, COMPILATION OF MODULE MAIN
OBJECT MODULE PLACED IN .\Objects\main.obj
COMPILER INVOKED BY: D:\keil5\C51\BIN\C51.EXE main.c OPTIMIZE(8,SPEED) BROWSE DEBUG OBJECTEXTEND PRINT(.\Listings\main.l
                    -st) OBJECT(.\Objects\main.obj)

line level    source

   1          #include <REGX52.H>
   2          #include "Key.h"
   3          #include "Timer0.h"
   4          #include "Nixie.h"
   5          #include "AT24C02.H"
   6          #include "Delay.h"
   7          
   8          unsigned char KeyNum,TimeFlag;
   9          unsigned char Min,Sec,Msec;
  10          
  11          void main()
  12          {
  13   1              Timer0Init();
  14   1              while(1)
  15   1              {
  16   2                      KeyNum=Key();
  17   2                      if(KeyNum)
  18   2                      {
  19   3                              TimeFlag=KeyNum;
  20   3                      }
  21   2                      if(KeyNum==2)
  22   2                      {
  23   3                              Min=0;
  24   3                              Sec=0;
  25   3                              Msec=0;
  26   3                      }
  27   2                      if(KeyNum==3)
  28   2                      {
  29   3                              AT24C02_WriteByte(1,Min);
  30   3                              Delay(5);
  31   3                              AT24C02_WriteByte(2,Sec);
  32   3                              Delay(5);
  33   3                              AT24C02_WriteByte(3,Msec);
  34   3                              Delay(5);
  35   3                              
  36   3                      }
  37   2                      if(KeyNum==4)
  38   2                      {
  39   3                              Min=AT24C02_ReadByte(1);
  40   3                              Sec=AT24C02_ReadByte(2);
  41   3                              Msec=AT24C02_ReadByte(3);
  42   3                              
  43   3                      }               
  44   2                          Nixie_Buf_(3,11);
  45   2                      Nixie_Buf_(6,11);
  46   2                          Nixie_Buf_(1,Min/10);
  47   2                              Nixie_Buf_(2,Min%10);
  48   2                              Nixie_Buf_(4,Sec/10);
  49   2                              Nixie_Buf_(5,Sec%10);
  50   2                              Nixie_Buf_(7,Msec/10);
  51   2                              Nixie_Buf_(8,Msec%10);
  52   2              }
  53   1      }
  54          void TimeCount()
C51 COMPILER V9.54   MAIN                                                                  11/17/2023 20:35:11 PAGE 2   

  55          {
  56   1              Msec++;
  57   1              if(Msec>99)
  58   1              {
  59   2                      Msec=0;
  60   2                      Sec++;
  61   2                      if(Sec>59)
  62   2                      {
  63   3                              Sec=0;
  64   3                              Min++;
  65   3                              if(Min>59)
  66   3                              {
  67   4                                      Min=0;
  68   4                              }
  69   3                      }
  70   2              }
  71   1              
  72   1      }
  73          
  74          
  75          void Timer0_Rountine() interrupt 1
  76          {    //中断函数模板
  77   1              static unsigned int Count0,Count1,Count3;
  78   1              TL0 = 0x66;              
  79   1              TH0 = 0xFC;
  80   1              Count0++;
  81   1          Count1++;
  82   1              if(TimeFlag==1)
  83   1              {
  84   2                  Count3++;
  85   2              }
  86   1              if(Count0>=20)
  87   1              {
  88   2                      Count0=0;
  89   2                      Key_Loop();
  90   2              }
  91   1              if(Count1>=2)
  92   1              {
  93   2                      Count1=0;
  94   2                      Nixie_Loop();
  95   2              }
  96   1              if(Count3>=10)
  97   1              {
  98   2                      Count3=0;
  99   2                      TimeCount();
 100   2              }
 101   1       }


MODULE INFORMATION:   STATIC OVERLAYABLE
   CODE SIZE        =    389    ----
   CONSTANT SIZE    =   ----    ----
   XDATA SIZE       =   ----    ----
   PDATA SIZE       =   ----    ----
   DATA SIZE        =     11    ----
   IDATA SIZE       =   ----    ----
   BIT SIZE         =   ----    ----
END OF MODULE INFORMATION.


C51 COMPILATION COMPLETE.  0 WARNING(S),  0 ERROR(S)
